Ansys Lumerical 2023 R2.3 FDTD Solver Version 8.30.3578 (Windows 64bit)
 expires (month/day/year): 11/29/2023
using config file: Ansys Licensing set with ANSYSLMD_LICENSE_FILE
license host: 1055@localhost
current time: Mon Nov 6 09:44:23 2023
Running on host: DESKTOP-747Q283
host available memory (GB): 27.692429
All processes are communicating and ready to proceed to simulation...
Running fsp file: C:\Program Files\Lumerical\v232\bin\fdtd-engine-msmpi.exe -t 1 -remote -shared-solve-license QU5TWVNfTElDRU5TSU5HX0NPTlRFWFRfREFUQT08QU5TWVNfTElDRU5TSU5HX0NPTlRFWFRfREFUQT48SUQ+Y2VhZjRmNDYtZDlmOC00ZTFhLWFmYTQtYWU0MWYzZDhhNzliPC9JRD48VFlQRT5BUFBfREVGSU5FRDwvVFlQRT48TkFNRT5sdW1fc3RhbmRhcmRfc29sdmVfc2hhcmU8L05BTUU+PEhBTkRMRVI+NTc1NTRAREVTS1RPUC03NDdRMjgzPC9IQU5ETEVSPjwvQU5TWVNfTElDRU5TSU5HX0NPTlRFWFRfREFUQT4K C:/Users/Admin/Desktop/Nicola/Sweep_for_extinction-Pol0_sweep/sweep_4.fsp
number of processors is 12
processors are distributed as: 2x3x2
Running 3D Simulation
Starting meshing
Simulation size in gridpoints: 48 x 63 x 60
Refined 0 mesh cells (0%)
Completed meshing!
Meshing complete in 0.09375 seconds of CPU time
50624 50624
Starting meshing
Simulation size in gridpoints: 48 x 63 x 60
Refined 0 mesh cells (0%)
Completed meshing!
Meshing complete in 0.0625 seconds of CPU time
57680 57680
Starting meshing
Simulation size in gridpoints: 48 x 63 x 60
Refined 0 mesh cells (0%)
Completed meshing!
Meshing complete in 0.03125 seconds of CPU time
35504 35504
finished material properties
Meshing Time: 0.202715 seconds, Init Electrical Material Time: 0.0779087 seconds, Init Magnetic Material Time: 0.0005233
Using selected optimization level: 2
Selecting 3d kernel for splitFieldDirection=0 and optLevel=2
-----------------------------------------
Beginning initialization of 3D Simulation
Starting to add sources to simulation
Adding 3D TFSF source propagating in Y
snapPEC is a duplicate key.
Starting meshing
Simulation size in gridpoints: 3 x 271 x 3
Refined 0 mesh cells (0%)
Completed meshing!
Meshing complete in 0 seconds of CPU time
0 0
Starting meshing
Simulation size in gridpoints: 3 x 271 x 3
Refined 0 mesh cells (0%)
Completed meshing!
Meshing complete in 0 seconds of CPU time
0 0
Starting meshing
Simulation size in gridpoints: 3 x 271 x 3
Refined 0 mesh cells (0%)
Completed meshing!
Meshing complete in 0 seconds of CPU time
0 0
finished material properties
Meshing Time: 0.0008465 seconds, Init Electrical Material Time: 0.000163 seconds, Init Magnetic Material Time: 4.1e-06
Using selected optimization level: 2
Selecting 3d kernel for splitFieldDirection=0 and optLevel=2
Starting to add boundary conditions to simulation
Adding 3D Symmetric BC
Adding 3D Parallel BC
Adding 3D PML BC
Adding 3D Parallel BC
Adding 3D Anti-Symmetric BC
Adding 3D Parallel BC
Starting to add monitors to Simulation
Adding analysis monitor
Adding analysis monitor
Adding 3D DFT monitor
Monitor ::model::Scattering::x1 is outside the simulation and will not record any data
Adding 3D DFT monitor
Adding 3D DFT monitor
Adding 3D DFT monitor
Adding 3D DFT monitor
Monitor ::model::Scattering::z1 is outside the simulation and will not record any data
Adding 3D DFT monitor
Adding analysis monitor
Adding 3D DFT monitor
Monitor ::model::Extinction::x1 is outside the simulation and will not record any data
Adding 3D DFT monitor
Adding 3D DFT monitor
Adding 3D DFT monitor
Adding 3D DFT monitor
Monitor ::model::Extinction::z1 is outside the simulation and will not record any data
Adding 3D DFT monitor
Finished initialization of 3D Simulation
-----------------------------------------
All processes are communicating and ready to proceed to simulation...
Starting 2098003 total iterations
0.00228789% complete. Elapsed simulation time: 2.28789e-17 secs. Max time remaining: 12 hrs, 12 mins, 23 secs. Auto Shutoff: 1
0.722211% complete. Elapsed simulation time: 7.22211e-15 secs. Max time remaining: 11 hrs, 30 mins, 49 secs. Auto Shutoff: 1
1.5123% complete. Elapsed simulation time: 1.5123e-14 secs. Max time remaining: 10 hrs, 54 mins, 7 secs. Auto Shutoff: 0.0416575
2.29933% complete. Elapsed simulation time: 2.29933e-14 secs. Max time remaining: 10 hrs, 39 mins, 48 secs. Auto Shutoff: 0.00344772
3.08331% complete. Elapsed simulation time: 3.08331e-14 secs. Max time remaining: 10 hrs, 30 mins, 34 secs. Auto Shutoff: 0.000491591
3.8673% complete. Elapsed simulation time: 3.8673e-14 secs. Max time remaining: 10 hrs, 23 mins, 15 secs. Auto Shutoff: 0.00031426
4.64518% complete. Elapsed simulation time: 4.64518e-14 secs. Max time remaining: 10 hrs, 17 mins, 26 secs. Auto Shutoff: 0.000161573
5.40781% complete. Elapsed simulation time: 5.40781e-14 secs. Max time remaining: 10 hrs, 13 mins, 38 secs. Auto Shutoff: 2.84931e-05
6.17349% complete. Elapsed simulation time: 6.17349e-14 secs. Max time remaining: 10 hrs, 9 mins, 13 secs. Auto Shutoff: 4.33678e-05
6.92392% complete. Elapsed simulation time: 6.92392e-14 secs. Max time remaining: 10 hrs, 6 mins, 16 secs. Auto Shutoff: 1.28902e-05
7.59198% complete. Elapsed simulation time: 7.59198e-14 secs. Max time remaining: 10 hrs, 10 mins, 3 secs. Auto Shutoff: 2.07419e-06
8.25089% complete. Elapsed simulation time: 8.25089e-14 secs. Max time remaining: 10 hrs, 13 mins, 7 secs. Auto Shutoff: 7.64578e-07
8.94336% complete. Elapsed simulation time: 8.94336e-14 secs. Max time remaining: 10 hrs, 12 mins, 27 secs. Auto Shutoff: 6.66004e-07
9.67244% complete. Elapsed simulation time: 9.67244e-14 secs. Max time remaining: 10 hrs, 8 mins, 36 secs. Auto Shutoff: 1.17251e-06
10.368% complete. Elapsed simulation time: 1.0368e-13 secs. Max time remaining: 10 hrs, 6 mins, 38 secs. Auto Shutoff: 2.15309e-07
100% complete. Max time remaining: 0 mins, 0 secs. Auto Shutoff: 9.29833e-08
Early termination of simulation, the autoshutoff criteria are satisfied.
Completed 225609 iterations, or 1.075351e-13s of Simulation Time
Process 0 starting to collect data
    collecting monitor data
Monitor ::model::Scattering::x1 is outside the simulation and will not record any data
Monitor ::model::Scattering::z1 is outside the simulation and will not record any data
Monitor ::model::Extinction::x1 is outside the simulation and will not record any data
Monitor ::model::Extinction::z1 is outside the simulation and will not record any data
    collecting source data
snapPEC is a duplicate key.
Starting meshing
Simulation size in gridpoints: 3 x 271 x 3
Refined 0 mesh cells (0.000000e+00%)
Completed meshing!
Meshing complete in 0.000000e+00 seconds of CPU time
0 0
Starting meshing
Simulation size in gridpoints: 3 x 271 x 3
Refined 0 mesh cells (0.000000e+00%)
Completed meshing!
Meshing complete in 0.000000e+00 seconds of CPU time
0 0
Starting meshing
Simulation size in gridpoints: 3 x 271 x 3
Refined 0 mesh cells (0.000000e+00%)
Completed meshing!
Meshing complete in 0.000000e+00 seconds of CPU time
0 0
finished material properties
Meshing Time: 1.523500e-03 seconds, Init Electrical Material Time: 2.267000e-04 seconds, Init Magnetic Material Time: 5.700000e-06
Using selected optimization level: 0
Selecting 3d kernel for splitFieldDirection=0 and optLevel=0
Finished collecting data
Simulation completed successfully at: Mon Nov 6 10:57:38 2023
Overall wall time measurements in seconds: 4395.82
    time to mesh and initialize: 2.29026
    time to run FDTD simulation: 4392.23
    time to checkpoint simulation: 0
    time to finalize data and save to files: 0.544397
    miscellaneous time: 0.756459
    FDTD solver speed on process 0: 9.31975 Mnodes/s
    total FDTD solver speed on 12 processes: 111.837 Mnodes/s
