Warning: your license expires in 6 days!
Ansys Lumerical 2023 R2.3 FDTD Solver Version 8.30.3578 (Windows 64bit)
 expires (month/day/year): 11/29/2023
using config file: Ansys Licensing set with ANSYSLMD_LICENSE_FILE
license host: 1055@localhost
current time: Thu Nov 23 15:49:10 2023
Running on host: DESKTOP-747Q283
host available memory (GB): 26.725265
All processes are communicating and ready to proceed to simulation...
Running fsp file: C:\Program Files\Lumerical\v232\bin\fdtd-engine-msmpi.exe -t 1 -remote -hide -shared-solve-license QU5TWVNfTElDRU5TSU5HX0NPTlRFWFRfREFUQT08QU5TWVNfTElDRU5TSU5HX0NPTlRFWFRfREFUQT48SUQ+ODg3MjVhZjctNDZlYy00MTMzLTkxOWItYjdhNTkyMjU1OTIxPC9JRD48VFlQRT5BUFBfREVGSU5FRDwvVFlQRT48TkFNRT5sdW1fc3RhbmRhcmRfc29sdmVfc2hhcmU8L05BTUU+PEhBTkRMRVI+NTY4OThAREVTS1RPUC03NDdRMjgzPC9IQU5ETEVSPjwvQU5TWVNfTElDRU5TSU5HX0NPTlRFWFRfREFUQT4K C:/Users/Admin/Desktop/Nicola/Final simulations/Extinction90/Ext90_sweep/sweep_5.fsp
number of processors is 12
processors are distributed as: 2x3x2
Running 3D Simulation
Starting meshing
Simulation size in gridpoints: 48 x 63 x 60
Refined 0 mesh cells (0%)
Completed meshing!
Meshing complete in 0.078125 seconds of CPU time
4512 4512
Starting meshing
Simulation size in gridpoints: 48 x 63 x 60
Refined 0 mesh cells (0%)
Completed meshing!
Meshing complete in 0.0625 seconds of CPU time
10704 10704
Starting meshing
Simulation size in gridpoints: 48 x 63 x 60
Refined 0 mesh cells (0%)
Completed meshing!
Meshing complete in 0.03125 seconds of CPU time
2784 2784
finished material properties
Meshing Time: 0.2028 seconds, Init Electrical Material Time: 0.0321869 seconds, Init Magnetic Material Time: 0.000442
Using selected optimization level: 2
Selecting 3d kernel for splitFieldDirection=0 and optLevel=2
-----------------------------------------
Beginning initialization of 3D Simulation
Starting to add sources to simulation
Adding 3D TFSF source propagating in Y
snapPEC is a duplicate key.
Starting meshing
Simulation size in gridpoints: 3 x 271 x 3
Refined 0 mesh cells (0%)
Completed meshing!
Meshing complete in 0 seconds of CPU time
0 0
Starting meshing
Simulation size in gridpoints: 3 x 271 x 3
Refined 0 mesh cells (0%)
Completed meshing!
Meshing complete in 0 seconds of CPU time
0 0
Starting meshing
Simulation size in gridpoints: 3 x 271 x 3
Refined 0 mesh cells (0%)
Completed meshing!
Meshing complete in 0 seconds of CPU time
0 0
finished material properties
Meshing Time: 0.0007403 seconds, Init Electrical Material Time: 0.0001401 seconds, Init Magnetic Material Time: 3.1e-06
Using selected optimization level: 2
Selecting 3d kernel for splitFieldDirection=0 and optLevel=2
Starting to add boundary conditions to simulation
Adding 3D Anti-Symmetric BC
Adding 3D Parallel BC
Adding 3D PML BC
Adding 3D Parallel BC
Adding 3D Symmetric BC
Adding 3D Parallel BC
Starting to add monitors to Simulation
Adding analysis monitor
Adding analysis monitor
Adding 3D DFT monitor
Monitor ::model::Scattering::x1 is outside the simulation and will not record any data
Adding 3D DFT monitor
Adding 3D DFT monitor
Adding 3D DFT monitor
Adding 3D DFT monitor
Monitor ::model::Scattering::z1 is outside the simulation and will not record any data
Adding 3D DFT monitor
Adding analysis monitor
Adding 3D DFT monitor
Monitor ::model::Extinction::x1 is outside the simulation and will not record any data
Adding 3D DFT monitor
Adding 3D DFT monitor
Adding 3D DFT monitor
Adding 3D DFT monitor
Monitor ::model::Extinction::z1 is outside the simulation and will not record any data
Adding 3D DFT monitor
Finished initialization of 3D Simulation
-----------------------------------------
All processes are communicating and ready to proceed to simulation...
Starting 2098003 total iterations
0.00228789% complete. Elapsed simulation time: 2.28789e-17 secs. Max time remaining: 11 hrs, 11 mins, 45 secs. Auto Shutoff: 1
0.83508% complete. Elapsed simulation time: 8.3508e-15 secs. Max time remaining: 9 hrs, 56 mins, 11 secs. Auto Shutoff: 1
1.70143% complete. Elapsed simulation time: 1.70143e-14 secs. Max time remaining: 9 hrs, 39 mins, 44 secs. Auto Shutoff: 0.00158247
2.56472% complete. Elapsed simulation time: 2.56472e-14 secs. Max time remaining: 9 hrs, 31 mins, 39 secs. Auto Shutoff: 2.63527e-05
3.40667% complete. Elapsed simulation time: 3.40667e-14 secs. Max time remaining: 9 hrs, 28 mins, 33 secs. Auto Shutoff: 5.3365e-06
4.1937% complete. Elapsed simulation time: 4.1937e-14 secs. Max time remaining: 9 hrs, 32 mins, 25 secs. Auto Shutoff: 2.24388e-06
4.96243% complete. Elapsed simulation time: 4.96243e-14 secs. Max time remaining: 9 hrs, 35 mins, 46 secs. Auto Shutoff: 9.49345e-07
5.72811% complete. Elapsed simulation time: 5.72811e-14 secs. Max time remaining: 9 hrs, 37 mins, 13 secs. Auto Shutoff: 3.69196e-07
6.49379% complete. Elapsed simulation time: 6.49379e-14 secs. Max time remaining: 9 hrs, 37 mins, 9 secs. Auto Shutoff: 1.53948e-07
100% complete. Max time remaining: 0 mins, 0 secs. Auto Shutoff: 9.63046e-08
Early termination of simulation, the autoshutoff criteria are satisfied.
Completed 145213 iterations, or 6.921486e-14s of Simulation Time
Process 0 starting to collect data
    collecting monitor data
Monitor ::model::Scattering::x1 is outside the simulation and will not record any data
Monitor ::model::Scattering::z1 is outside the simulation and will not record any data
Monitor ::model::Extinction::x1 is outside the simulation and will not record any data
Monitor ::model::Extinction::z1 is outside the simulation and will not record any data
    collecting source data
snapPEC is a duplicate key.
Starting meshing
Simulation size in gridpoints: 3 x 271 x 3
Refined 0 mesh cells (0.000000e+00%)
Completed meshing!
Meshing complete in 0.000000e+00 seconds of CPU time
0 0
Starting meshing
Simulation size in gridpoints: 3 x 271 x 3
Refined 0 mesh cells (0.000000e+00%)
Completed meshing!
Meshing complete in 0.000000e+00 seconds of CPU time
0 0
Starting meshing
Simulation size in gridpoints: 3 x 271 x 3
Refined 0 mesh cells (0.000000e+00%)
Completed meshing!
Meshing complete in 0.000000e+00 seconds of CPU time
0 0
finished material properties
Meshing Time: 1.330900e-03 seconds, Init Electrical Material Time: 2.014000e-04 seconds, Init Magnetic Material Time: 4.200000e-06
Using selected optimization level: 0
Selecting 3d kernel for splitFieldDirection=0 and optLevel=0
Finished collecting data
Simulation completed successfully at: Thu Nov 23 16:32:05 2023
Overall wall time measurements in seconds: 2576.42
    time to mesh and initialize: 1.88859
    time to run FDTD simulation: 2573.18
    time to checkpoint simulation: 0
    time to finalize data and save to files: 0.547405
    miscellaneous time: 0.80671
    FDTD solver speed on process 0: 10.2393 Mnodes/s
    total FDTD solver speed on 12 processes: 122.871 Mnodes/s
